[16-Dec-2025 21:09:20 Europe/Berlin] ========== PAGE LOADED: 2025-12-16 21:09:20 ==========
[16-Dec-2025 21:09:20 Europe/Berlin] Log file path: C:\xampp\htdocs\simba-diy\user/../logs/submission_errors.log
[16-Dec-2025 21:09:20 Europe/Berlin] Session ID: 7
[16-Dec-2025 21:09:20 Europe/Berlin] Is Logged: YES
[16-Dec-2025 21:09:20 Europe/Berlin] Is Admin: NO
[16-Dec-2025 21:09:20 Europe/Berlin] User ID verified: 7
[16-Dec-2025 21:09:20 Europe/Berlin] Active program: {"id":"5","nama_program":"Program Makan Gratis Anies Pranowo","deskripsi":"Makan gratis wok","kuota":"2","tanggal_mulai":"2025-12-16","tanggal_selesai":"2026-01-01","status":"Aktif","created_at":"2025-12-16 19:15:48","updated_at":"2025-12-16 19:15:48"}
[16-Dec-2025 21:09:20 Europe/Berlin] hasReceivedInLast3Periods: Checking user 7 in programs: 3, 4
[16-Dec-2025 21:09:20 Europe/Berlin] hasReceivedInLast3Periods: User 7 has NOT received aid (count: 0)
[16-Dec-2025 21:09:20 Europe/Berlin] Current pengajuan status: null
[16-Dec-2025 21:09:56 Europe/Berlin] ========== PAGE LOADED: 2025-12-16 21:09:56 ==========
[16-Dec-2025 21:09:56 Europe/Berlin] Log file path: C:\xampp\htdocs\simba-diy\user/../logs/submission_errors.log
[16-Dec-2025 21:09:56 Europe/Berlin] Session ID: 7
[16-Dec-2025 21:09:56 Europe/Berlin] Is Logged: YES
[16-Dec-2025 21:09:56 Europe/Berlin] Is Admin: NO
[16-Dec-2025 21:09:56 Europe/Berlin] User ID verified: 7
[16-Dec-2025 21:09:56 Europe/Berlin] Active program: {"id":"5","nama_program":"Program Makan Gratis Anies Pranowo","deskripsi":"Makan gratis wok","kuota":"2","tanggal_mulai":"2025-12-16","tanggal_selesai":"2026-01-01","status":"Aktif","created_at":"2025-12-16 19:15:48","updated_at":"2025-12-16 19:15:48"}
[16-Dec-2025 21:09:56 Europe/Berlin] hasReceivedInLast3Periods: Checking user 7 in programs: 3, 4
[16-Dec-2025 21:09:56 Europe/Berlin] hasReceivedInLast3Periods: User 7 has NOT received aid (count: 0)
[16-Dec-2025 21:09:56 Europe/Berlin] Current pengajuan status: null
